<?xml version="1.0" encoding="UTF-8"?>
<!-- Generated by org.testng.reporters.JUnitXMLReporter -->
<testsuite hostname="localhost.localdomain" name="Default test" tests="3" failures="0" timestamp="16 Feb 2016 14:18:17 GMT" time="0.059" errors="0">
  <testcase name="method" time="0.015" classname="com.test.ArmStrongTest"/>
  <testcase name="method" time="0.0" classname="com.test.ArmStrongTest"/>
  <testcase name="method" time="0.001" classname="com.test.ArmStrongTest"/>
</testsuite> <!-- Default test -->
